<?xml version="1.0" encoding="UTF-8"?>
<!-- Generated by org.testng.reporters.JUnitReportReporter -->
<testsuite hostname="Dell" failures="0" tests="6" name="TestNgClass.NykkatestNg" time="0.000" errors="0" timestamp="2022-11-03T12:09:18 IST" skipped="6">
  <testcase classname="TestNgClass.NykkatestNg" name="luxe" time="0.000">
    <skipped/>
  </testcase> <!-- luxe -->
  <system-out/>
  <testcase classname="TestNgClass.NykkatestNg" name="luxe" time="0.000">
    <skipped/>
  </testcase> <!-- luxe -->
  <system-out/>
  <testcase classname="TestNgClass.NykkatestNg" name="mouseoverluxe" time="0.000">
    <skipped/>
  </testcase> <!-- mouseoverluxe -->
  <system-out/>
  <testcase classname="TestNgClass.NykkatestNg" name="mouseoverluxe" time="0.000">
    <skipped/>
  </testcase> <!-- mouseoverluxe -->
  <system-out/>
  <testcase classname="TestNgClass.NykkatestNg" name="brandstest">
    <skipped/>
  </testcase> <!-- brandstest -->
  <system-out/>
  <testcase classname="TestNgClass.NykkatestNg" name="brandstest">
    <skipped/>
  </testcase> <!-- brandstest -->
  <system-out/>
</testsuite> <!-- TestNgClass.NykkatestNg -->
